c:\users\vinic\source\repos\changemachine\debug\changemachine.lib
c:\users\vinic\source\repos\changemachine\debug\changemachine.exp
c:\users\vinic\source\repos\changemachine\changemachine\debug\vc142.pdb
c:\users\vinic\source\repos\changemachine\changemachine\debug\vc142.idb
c:\users\vinic\source\repos\changemachine\changemachine\debug\dllmain.obj
c:\users\vinic\source\repos\changemachine\changemachine\debug\changemachine.obj
c:\users\vinic\source\repos\changemachine\changemachine\debug\hopper.obj
c:\users\vinic\source\repos\changemachine\changemachine\debug\coinunit.obj
c:\users\vinic\source\repos\changemachine\changemachine\debug\coinunitdb.obj
c:\users\vinic\source\repos\changemachine\debug\changemachine.ilk
c:\users\vinic\source\repos\changemachine\debug\changemachine.dll
c:\users\vinic\source\repos\changemachine\debug\changemachine.pdb
c:\users\vinic\source\repos\changemachine\changemachine\debug\changemachine.vcxprojassemblyreference.cache
c:\users\vinic\source\repos\changemachine\changemachine\debug\changemachine.tlog\changemachine.write.1u.tlog
c:\users\vinic\source\repos\changemachine\changemachine\debug\changemachine.tlog\cl.command.1.tlog
c:\users\vinic\source\repos\changemachine\changemachine\debug\changemachine.tlog\cl.read.1.tlog
c:\users\vinic\source\repos\changemachine\changemachine\debug\changemachine.tlog\cl.write.1.tlog
c:\users\vinic\source\repos\changemachine\changemachine\debug\changemachine.tlog\link.12220.delete.1.tlog
c:\users\vinic\source\repos\changemachine\changemachine\debug\changemachine.tlog\link.6028.delete.1.tlog
c:\users\vinic\source\repos\changemachine\changemachine\debug\changemachine.tlog\link.788.delete.1.tlog
c:\users\vinic\source\repos\changemachine\changemachine\debug\changemachine.tlog\link.command.1.tlog
c:\users\vinic\source\repos\changemachine\changemachine\debug\changemachine.tlog\link.read.1.tlog
c:\users\vinic\source\repos\changemachine\changemachine\debug\changemachine.tlog\link.write.1.tlog
c:\users\vinic\source\repos\changemachine\changemachine\debug\changemachine.tlog\metagen.write.1.tlog
